<?xml version="1.0" encoding="UTF-8"?>
<!-- Generated by org.testng.reporters.JUnitXMLReporter -->
<testsuite hostname="m-c02d12vbmd6n" ignored="0" tests="3" failures="0" timestamp="2021-12-05T16:24:45 IST" time="26.202" errors="0">
  <testcase name="test1_selectProductBasedOnTemperature" time="1.98" classname="TestScenario1"/>
  <testcase name="test2_addProductsToCart" time="4.894" classname="TestScenario1"/>
  <testcase name="test3_proceedWithCheckoutAndMakePayment" time="9.283" classname="TestScenario1"/>
</testsuite>
