<?xml version="1.0" encoding="UTF-8"?>
<!-- Generated by org.testng.reporters.JUnitXMLReporter -->
<testsuite ignored="0" hostname="m-c02d12vbmd6n" failures="0" tests="3" name="Run test on chrome" time="25.416" errors="0" timestamp="2021-11-27T19:19:26 IST">
  <testcase classname="TestScenario1" name="test1_selectProductBasedOnTemperature" time="2.078"/>
  <testcase classname="TestScenario1" name="test2_addProductsToCart" time="6.071"/>
  <testcase classname="TestScenario1" name="test3_proceedWithCheckoutAndMakePayment" time="9.001"/>
</testsuite> <!-- Run test on chrome -->
