<?xml version="1.0" encoding="UTF-8"?>
<testng-results skipped="0" failed="0" ignored="0" total="6" passed="6">
  <reporter-output>
  </reporter-output>
  <suite name="Test Suite" duration-ms="26202" started-at="2021-12-05T16:24:19 IST" finished-at="2021-12-05T16:24:45 IST">
    <groups>
    </groups>
    <test name="Run test on firefox" duration-ms="23962" started-at="2021-12-05T16:24:19 IST" finished-at="2021-12-05T16:24:42 IST">
      <class name="TestScenario2">
        <test-method status="PASS" signature="launchApplication(java.lang.String,java.lang.String)[pri:0, instance:TestScenario2@3a5ed7a6]" name="launchApplication" is-config="true" duration-ms="8894" started-at="2021-12-05T16:24:19 IST" finished-at="2021-12-05T16:24:27 IST">
          <params>
            <param index="0">
              <value>
                <![CDATA[firefox]]>
              </value>
            </param>
            <param index="1">
              <value>
                <![CDATA[prod]]>
              </value>
            </param>
          </params>
          <reporter-output>
          </reporter-output>
        </test-method> <!-- launchApplication -->
        <test-method status="PASS" signature="test1_selectProductBasedOnTemperature()[pri:1, instance:TestScenario2@3a5ed7a6]" name="test1_selectProductBasedOnTemperature" duration-ms="1937" started-at="2021-12-05T16:24:27 IST" finished-at="2021-12-05T16:24:29 IST">
          <reporter-output>
          </reporter-output>
        </test-method> <!-- test1_selectProductBasedOnTemperature -->
        <test-method status="PASS" signature="test2_addProductsToCart()[pri:2, instance:TestScenario2@3a5ed7a6]" name="test2_addProductsToCart" duration-ms="3331" started-at="2021-12-05T16:24:29 IST" finished-at="2021-12-05T16:24:33 IST">
          <reporter-output>
          </reporter-output>
        </test-method> <!-- test2_addProductsToCart -->
        <test-method status="PASS" signature="test3_proceedWithCheckoutAndMakePayment()[pri:3, instance:TestScenario2@3a5ed7a6]" name="test3_proceedWithCheckoutAndMakePayment" duration-ms="9170" started-at="2021-12-05T16:24:33 IST" finished-at="2021-12-05T16:24:42 IST">
          <reporter-output>
          </reporter-output>
        </test-method> <!-- test3_proceedWithCheckoutAndMakePayment -->
        <test-method status="PASS" signature="closeBrowser()[pri:0, instance:TestScenario2@3a5ed7a6]" name="closeBrowser" is-config="true" duration-ms="612" started-at="2021-12-05T16:24:42 IST" finished-at="2021-12-05T16:24:42 IST">
          <reporter-output>
          </reporter-output>
        </test-method> <!-- closeBrowser -->
      </class> <!-- TestScenario2 -->
    </test> <!-- Run test on firefox -->
    <test name="Run test on chrome" duration-ms="26202" started-at="2021-12-05T16:24:19 IST" finished-at="2021-12-05T16:24:45 IST">
      <class name="TestScenario1">
        <test-method status="PASS" signature="launchApplication(java.lang.String,java.lang.String)[pri:0, instance:TestScenario1@7e0b0338]" name="launchApplication" is-config="true" duration-ms="8788" started-at="2021-12-05T16:24:19 IST" finished-at="2021-12-05T16:24:27 IST">
          <params>
            <param index="0">
              <value>
                <![CDATA[chrome]]>
              </value>
            </param>
            <param index="1">
              <value>
                <![CDATA[prod]]>
              </value>
            </param>
          </params>
          <reporter-output>
          </reporter-output>
        </test-method> <!-- launchApplication -->
        <test-method status="PASS" signature="test1_selectProductBasedOnTemperature()[pri:1, instance:TestScenario1@7e0b0338]" name="test1_selectProductBasedOnTemperature" duration-ms="1980" started-at="2021-12-05T16:24:27 IST" finished-at="2021-12-05T16:24:29 IST">
          <reporter-output>
          </reporter-output>
        </test-method> <!-- test1_selectProductBasedOnTemperature -->
        <test-method status="PASS" signature="test2_addProductsToCart()[pri:2, instance:TestScenario1@7e0b0338]" name="test2_addProductsToCart" duration-ms="4894" started-at="2021-12-05T16:24:29 IST" finished-at="2021-12-05T16:24:34 IST">
          <reporter-output>
          </reporter-output>
        </test-method> <!-- test2_addProductsToCart -->
        <test-method status="PASS" signature="test3_proceedWithCheckoutAndMakePayment()[pri:3, instance:TestScenario1@7e0b0338]" name="test3_proceedWithCheckoutAndMakePayment" duration-ms="9283" started-at="2021-12-05T16:24:34 IST" finished-at="2021-12-05T16:24:43 IST">
          <reporter-output>
          </reporter-output>
        </test-method> <!-- test3_proceedWithCheckoutAndMakePayment -->
        <test-method status="PASS" signature="closeBrowser()[pri:0, instance:TestScenario1@7e0b0338]" name="closeBrowser" is-config="true" duration-ms="1228" started-at="2021-12-05T16:24:43 IST" finished-at="2021-12-05T16:24:45 IST">
          <reporter-output>
          </reporter-output>
        </test-method> <!-- closeBrowser -->
      </class> <!-- TestScenario1 -->
    </test> <!-- Run test on chrome -->
  </suite> <!-- Test Suite -->
</testng-results>
